<?xml version="1.0" encoding="UTF-8"?>
<!-- Generated by org.testng.reporters.JUnitXMLReporter -->
<testsuite ignored="0" hostname="LAPTOP-O2D9PV95" failures="0" tests="3" name="Default test" time="2.553" errors="0" timestamp="2024-11-07T17:19:34 CET">
  <testcase classname="BlogPostTests.APITests" name="FindUser" time="1.365"/>
  <testcase classname="BlogPostTests.APITests" name="getPostsforuser" time="0.112"/>
  <testcase classname="BlogPostTests.APITests" name="getUserPostcomments" time="0.693"/>
</testsuite> <!-- Default test -->
