<?xml version="1.0" encoding="UTF-8"?>
<!-- Generated by org.testng.reporters.JUnitXMLReporter -->
<testsuite ignored="0" hostname="LAPTOP-O2D9PV95" failures="0" tests="3" name="Default test" time="5.226" errors="0" timestamp="2024-11-07T22:00:24 CET">
  <testcase classname="BlogPostTests.APITests" name="findUser" time="1.394"/>
  <testcase classname="BlogPostTests.APITests" name="getPostsForUser" time="0.111"/>
  <testcase classname="BlogPostTests.APITests" name="validateUserPostCommentsEmails" time="3.328"/>
</testsuite> <!-- Default test -->
