<?xml version="1.0" encoding="UTF-8"?>
<testng-results ignored="0" total="3" passed="3" failed="0" skipped="0">
  <reporter-output>
  </reporter-output>
  <suite started-at="2024-11-07T22:00:19 CET" name="Default suite" finished-at="2024-11-07T22:00:24 CET" duration-ms="5226">
    <groups>
    </groups>
    <test started-at="2024-11-07T22:00:19 CET" name="Default test" finished-at="2024-11-07T22:00:24 CET" duration-ms="5226">
      <class name="BlogPostTests.APITests">
        <test-method is-config="true" signature="setupURL()[pri:0, instance:BlogPostTests.APITests@5158b42f]" started-at="2024-11-07T22:00:19 CET" name="setupURL" finished-at="2024-11-07T22:00:19 CET" duration-ms="349" status="PASS">
          <reporter-output>
          </reporter-output>
        </test-method> <!-- setupURL -->
        <test-method signature="findUser()[pri:1, instance:BlogPostTests.APITests@5158b42f]" started-at="2024-11-07T22:00:19 CET" name="findUser" finished-at="2024-11-07T22:00:20 CET" duration-ms="1394" status="PASS">
          <reporter-output>
          </reporter-output>
        </test-method> <!-- findUser -->
        <test-method signature="getPostsForUser()[pri:2, instance:BlogPostTests.APITests@5158b42f]" started-at="2024-11-07T22:00:20 CET" name="getPostsForUser" finished-at="2024-11-07T22:00:20 CET" depends-on-methods="BlogPostTests.APITests.findUser" duration-ms="111" status="PASS">
          <reporter-output>
          </reporter-output>
        </test-method> <!-- getPostsForUser -->
        <test-method signature="validateUserPostCommentsEmails()[pri:3, instance:BlogPostTests.APITests@5158b42f]" started-at="2024-11-07T22:00:20 CET" name="validateUserPostCommentsEmails" finished-at="2024-11-07T22:00:24 CET" depends-on-methods="BlogPostTests.APITests.getPostsForUser" duration-ms="3328" status="PASS">
          <reporter-output>
          </reporter-output>
        </test-method> <!-- validateUserPostCommentsEmails -->
      </class> <!-- BlogPostTests.APITests -->
    </test> <!-- Default test -->
  </suite> <!-- Default suite -->
</testng-results>
