<?xml version="1.0" encoding="UTF-8"?>
<testng-results ignored="0" total="3" passed="3" failed="0" skipped="0">
  <reporter-output>
  </reporter-output>
  <suite started-at="2024-11-07T17:19:31 CET" name="Default suite" finished-at="2024-11-07T17:19:34 CET" duration-ms="2553">
    <groups>
    </groups>
    <test started-at="2024-11-07T17:19:31 CET" name="Default test" finished-at="2024-11-07T17:19:34 CET" duration-ms="2553">
      <class name="BlogPostTests.APITests">
        <test-method is-config="true" signature="setupURL()[pri:0, instance:BlogPostTests.APITests@7e07db1f]" started-at="2024-11-07T17:19:31 CET" name="setupURL" finished-at="2024-11-07T17:19:31 CET" duration-ms="344" status="PASS">
          <reporter-output>
          </reporter-output>
        </test-method> <!-- setupURL -->
        <test-method signature="FindUser()[pri:1, instance:BlogPostTests.APITests@7e07db1f]" started-at="2024-11-07T17:19:31 CET" name="FindUser" finished-at="2024-11-07T17:19:33 CET" duration-ms="1365" status="PASS">
          <reporter-output>
          </reporter-output>
        </test-method> <!-- FindUser -->
        <test-method signature="getPostsforuser()[pri:2, instance:BlogPostTests.APITests@7e07db1f]" started-at="2024-11-07T17:19:33 CET" name="getPostsforuser" finished-at="2024-11-07T17:19:33 CET" depends-on-methods="BlogPostTests.APITests.FindUser" duration-ms="112" status="PASS">
          <reporter-output>
          </reporter-output>
        </test-method> <!-- getPostsforuser -->
        <test-method signature="getUserPostcomments()[pri:3, instance:BlogPostTests.APITests@7e07db1f]" started-at="2024-11-07T17:19:33 CET" name="getUserPostcomments" finished-at="2024-11-07T17:19:34 CET" depends-on-methods="BlogPostTests.APITests.getPostsforuser" duration-ms="693" status="PASS">
          <reporter-output>
          </reporter-output>
        </test-method> <!-- getUserPostcomments -->
      </class> <!-- BlogPostTests.APITests -->
    </test> <!-- Default test -->
  </suite> <!-- Default suite -->
</testng-results>
