<?xml version="1.0" encoding="UTF-8"?>
<!-- Generated by org.testng.reporters.JUnitXMLReporter -->
<testsuite ignored="0" hostname="LAPTOP-O2D9PV95" failures="0" tests="3" name="BlogPostTests" time="2.671" errors="0" timestamp="2024-11-07T14:40:02 CET">
  <testcase classname="BlogPostTests.APITests" name="FindUser" time="1.443"/>
  <testcase classname="BlogPostTests.APITests" name="getPostsforuser" time="0.112"/>
  <testcase classname="BlogPostTests.APITests" name="getUserPostcomments" time="0.719"/>
</testsuite> <!-- BlogPostTests -->
