<?xml version="1.0" encoding="UTF-8"?>
<!-- Generated by org.testng.reporters.JUnitXMLReporter -->
<testsuite ignored="0" hostname="LAPTOP-O2D9PV95" failures="0" tests="3" name="BlogPostTest" time="2.802" errors="0" timestamp="2024-11-07T14:38:42 CET">
  <testcase classname="BlogPostTests.APITests" name="FindUser" time="1.532"/>
  <testcase classname="BlogPostTests.APITests" name="getPostsforuser" time="0.132"/>
  <testcase classname="BlogPostTests.APITests" name="getUserPostcomments" time="0.718"/>
</testsuite> <!-- BlogPostTest -->
