<?xml version="1.0" encoding="UTF-8"?>
<!-- Generated by org.testng.reporters.JUnitXMLReporter -->
<testsuite ignored="0" hostname="LAPTOP-O2D9PV95" failures="0" tests="3" name="BlogPost" time="3.913" errors="0" timestamp="2024-11-07T16:10:43 CET">
  <testcase classname="BlogPostTests.APITests" name="FindUser" time="1.332"/>
  <testcase classname="BlogPostTests.APITests" name="getPostsforuser" time="0.118"/>
  <testcase classname="BlogPostTests.APITests" name="getUserPostcomments" time="1.854"/>
</testsuite> <!-- BlogPost -->
